Mono path[0] = 'B:/SteamLibrary/steamapps/common/RimWorld/RimWorldWin64_Data/Managed'
Mono config path = 'B:/SteamLibrary/steamapps/common/RimWorld/MonoBleedingEdge/etc'
[PhysX] Initialized MultithreadedTaskDispatcher with 32 workers.
Initialize engine version: 2022.3.35f1 (011206c7a712)
[Subsystems] Discovering subsystems at path B:/SteamLibrary/steamapps/common/RimWorld/RimWorldWin64_Data/UnitySubsystems
GfxDevice: creating device client; threaded=1; jobified=0
Direct3D:
    Version:  Direct3D 11.0 [level 11.1]
    Renderer: NVIDIA GeForce RTX 4060 Laptop GPU (ID=0x28e0)
    Vendor:   NVIDIA
    VRAM:     7957 MB
    Driver:   32.0.15.8180
Begin MonoManager ReloadAssembly
- Loaded All Assemblies, in  0.095 seconds
- Finished resetting the current domain, in  0.001 seconds
<RI> Initializing input.
<RI> Input initialized.
<RI> Initialized touch support.
[PhysX] Initialized MultithreadedTaskDispatcher with 32 workers.
UnloadTime: 0.515400 ms
RimWorld 1.6.4633 rev1261
Created WorkshopItem for 3426556167 but there is no folder for it.
Direct3D: detected that using refresh rate causes time drift. Will stop trusting refresh rate until the game window is moved.
Mod Time Stop Pocket Watch 时间怀表 dependency (brrainz.harmony) needs to have <downloadUrl> and/or <steamWorkshopUrl> specified.
Mod 猎杀游戏 (Hunting Game) dependency (brrainz.harmony) needs to have <downloadUrl> and/or <steamWorkshopUrl> specified.
Mod Phinix Red Packet 聊天室红包插件 dependency (brrainz.harmony) needs to have <downloadUrl> and/or <steamWorkshopUrl> specified.
Mod Phinix Red Packet 聊天室红包插件 dependency (Thomotron.Phinix) needs to have <downloadUrl> and/or <steamWorkshopUrl> specified.
Mod Ratkin Underground+ has a dependency (fxz.ratkinfaction) with empty display name.
Mod Ratkin Underground+ dependency (fxz.ratkinfaction) needs to have <downloadUrl> and/or <steamWorkshopUrl> specified.
Mod Ratkin Underground+ has a dependency (Solaris.RatkinRaceMod) with empty display name.
Mod Ratkin Underground+ dependency (Solaris.RatkinRaceMod) needs to have <downloadUrl> and/or <steamWorkshopUrl> specified.
Mod Forced Xenogerm Implantation dependency (brrainz.harmony) needs to have <downloadUrl> and/or <steamWorkshopUrl> specified.
Fallback handler could not load library B:/SteamLibrary/steamapps/common/RimWorld/RimWorldWin64_Data/MonoBleedingEdge/data-0000018919751650.dll
Fallback handler could not load library B:/SteamLibrary/steamapps/common/RimWorld/RimWorldWin64_Data/MonoBleedingEdge/data-00000189238300B0.dll
[HugsLib] version 12.0.0
[HugsLib] early-initializing AllowTool
DubsMintMenus v1.3.1086
RimSaves NX rev27
Got a HelloPacket
No existing credential found for ClientKey auth type
Creating new ClientKey credential
Sending AuthenticatePacket
Got an AuthResponsePacket
Successfully authenticated with server.
Sending LoginPacket
Got a LoginResponsePacket
Successfully logged in with UUID 02dcb692-813d-47e3-9c58-ba8ed0810ccd
Got a UserSyncPacket
Got a ChatHistoryPacket
Tried to use an uninitialized DefOf of type LetterDefOf. DefOfs are initialized right after all defs all loaded. Uninitialized DefOfs will return only nulls. (hint: don't use DefOfs as default field values in Defs, try to resolve them in ResolveReferences() instead)
NullReferenceException: Object reference not set to an instance of an object
[Ref FD637854] Duplicate stacktrace, see ref for original

NullReferenceException: Object reference not set to an instance of an object
[Ref FD637854] Duplicate stacktrace, see ref for original

NullReferenceException: Object reference not set to an instance of an object
[Ref FD637854] Duplicate stacktrace, see ref for original

NullReferenceException: Object reference not set to an instance of an object
[Ref FD637854] Duplicate stacktrace, see ref for original

Translation data for language Simplified Chinese has 10 errors. Generate translation report for more info.
[DigitalStorage][PH] Found Phinix assembly: PhinixClient
[DigitalStorage][PH] Patched GroupThings
[DigitalStorage][PH] Patched PopSelected
[DigitalStorage][PH] Patched DeleteSelected
[DigitalStorage][PH] Patched GetSelectedThingsAsProto
[DigitalStorage][PH] All Phinix compatibility patches applied
[DigitalStorage 2.0] Harmony patches applied.
Unloading 5 Unused Serialized files (Serialized files now loaded: 5)
Unloading 99 unused Assets to reduce memory usage. Loaded Objects now: 26713.
Total: 153.850700 ms (FindLiveObjects: 1.341100 ms CreateObjectMapping: 0.818900 ms MarkObjects: 151.395900 ms  DeleteObjects: 0.294400 ms)

CharacterEditor v1.6.3 initializing...
updating labels for simplified chinese...
loading pawn slot content from file...
character editor instance created
checking editor settings...
bodysizes genes are active
CharacterEditor v1.6.3 ...done
CE is trying to create default parameter lists ...
creating default parameter list for genes...
250 default entities for genes created
creating default parameter list for objects...
1638 default entities for objects created
creating default parameter list for turrets...
12 default entities for turrets created
...lists created
CE is trying to apply modified parameters...
no modifications for genes
no modifications for lifestages
...done
Unloading 3 Unused Serialized files (Serialized files now loaded: 5)
[PhysX] Initialized MultithreadedTaskDispatcher with 32 workers.
UnloadTime: 0.926200 ms
Unloading 2 unused Assets to reduce memory usage. Loaded Objects now: 26920.
Total: 157.332100 ms (FindLiveObjects: 1.155000 ms CreateObjectMapping: 0.444000 ms MarkObjects: 155.702200 ms  DeleteObjects: 0.030400 ms)

Loading game from file mod测试#§#新移民1 with mods:
  - brrainz.harmony
  - Ludeon.RimWorld
  - Ludeon.RimWorld.Royalty
  - Ludeon.RimWorld.Ideology
  - Ludeon.RimWorld.Biotech
  - Ludeon.RimWorld.Anomaly
  - Ludeon.RimWorld.Odyssey
  - UnlimitedHugs.HugsLib
  - UnlimitedHugs.AllowTool
  - seekiworksmod.no16
  - RWZH.ChinesePack.AllowTool
  - void.charactereditor
  - nb.charactereditor.chinese
  - latta.devl10n
  - Illusion.DevIYLZH
  - Dubwise.DubsMintMenus
  - RWZH.ChinesePack.DubsMintMenus
  - Thomotron.Phinix
  - Natsuki.PhinixRedPacket
  - RWZH.ChinesePack.Phinix
  - aRandomKiwi.RimSaves
  - RWZH.ChinesePack.RimSaves
  - cagier.digitalstorage
Direct3D: detected that using refresh rate causes time drift. Will stop trusting refresh rate until the game window is moved.
checking editor settings...
bodysizes genes are active
Unloading 0 Unused Serialized files (Serialized files now loaded: 5)
Unloading 1 unused Assets to reduce memory usage. Loaded Objects now: 33567.
Total: 170.587700 ms (FindLiveObjects: 1.614300 ms CreateObjectMapping: 0.729500 ms MarkObjects: 168.188400 ms  DeleteObjects: 0.055000 ms)

Wrote screenshot C:\Users\Cagier\AppData\LocalLow\Ludeon Studios\RimWorld by Ludeon Studios\RimSaves\Previews\mod测试#§#新移民1.dat of size 333022
Repopulated trade list
[DigitalStorage][PH] GroupThings: injected 6 virtual items
[DigitalStorage][PH] PopSelected: deducting virtual Steel x227 (id=95207)
[DigitalStorage][PH] Deducted: 钢铁 x227, actual=227
[DigitalStorage][PH] GroupThings: injected 5 virtual items
Got a ChatMessageResponsePacket
Received chat message from UUID 02dcb692-813d-47e3-9c58-ba8ed0810ccd
Got a UserUpdatePacket
User 8fe5c77f-3c88-47e3-b9a1-a2b93162b106 logged in
Got a UserUpdatePacket
Got a UserUpdatePacket
Got a ChatMessageResponsePacket
Received chat message from UUID 02dcb692-813d-47e3-9c58-ba8ed0810ccd
Got a ChatMessageResponsePacket
Received chat message from UUID 02dcb692-813d-47e3-9c58-ba8ed0810ccd
Got a ChatMessageResponsePacket
Received chat message from UUID 02dcb692-813d-47e3-9c58-ba8ed0810ccd
Got a CreateTradeResponsePacket
Created trade 969f3d22-cf5e-40fa-8516-f87cb44a9fe6 with abd919b3-7b43-408d-a912-fe88f8cf2f06
[DigitalStorage][PH] GroupThings: injected 5 virtual items
[DigitalStorage][PH] GroupThings: injected 5 virtual items
[DigitalStorage][PH] GroupThings: injected 5 virtual items
Added items to pending
Sent update
Got an UpdateTradeItemsResponsePacket
Got items 0 for us
[DigitalStorage][PH] GroupThings: injected 5 virtual items
[DigitalStorage][PH] GroupThings: injected 5 virtual items
Got a ChatMessagePacket
Received chat message from UUID abd919b3-7b43-408d-a912-fe88f8cf2f06
Got a ChatMessageResponsePacket
Received chat message from UUID 02dcb692-813d-47e3-9c58-ba8ed0810ccd
Got a ChatMessagePacket
Received chat message from UUID abd919b3-7b43-408d-a912-fe88f8cf2f06
Got a ChatMessageResponsePacket
Received chat message from UUID 02dcb692-813d-47e3-9c58-ba8ed0810ccd
Got a ChatMessagePacket
Received chat message from UUID abd919b3-7b43-408d-a912-fe88f8cf2f06
Exception filling window for LudeonTK.EditWindow_Log: System.InvalidOperationException: Collection was modified; enumeration operation may not execute.
[Ref BBC358B3]
  at System.Collections.Generic.Queue`1+Enumerator[T].MoveNext () [0x00013] in <51fded79cd284d4d911c5949aff4cb21>:0 
  at LudeonTK.EditWindow_Log.DoMessagesListing (UnityEngine.Rect listingRect) [0x001f2] in <46372f5dadbf4af8939e608076251180>:0 
    - PREFIX UnlimitedHugs.HugsLib: Boolean HugsLib.Patches.EditWindow_Log_Patch:ExtraLogWindowButtons(Window __instance, Rect& listingRect)
  at LudeonTK.EditWindow_Log.DoWindowContents (UnityEngine.Rect inRect) [0x0026e] in <46372f5dadbf4af8939e608076251180>:0 
  at Verse.Window.InnerWindowOnGUI (System.Int32 x) [0x001a6] in <46372f5dadbf4af8939e608076251180>:0 
GUI Error: You are pushing more GUIClips than you are popping. Make sure they are balanced.
Got a ChatMessageResponsePacket
Received chat message from UUID 02dcb692-813d-47e3-9c58-ba8ed0810ccd
Got a ChatMessagePacket
Received chat message from UUID abd919b3-7b43-408d-a912-fe88f8cf2f06
Got a ChatMessageResponsePacket
Received chat message from UUID 02dcb692-813d-47e3-9c58-ba8ed0810ccd
[DigitalStorage][PH] PopSelected: deducting virtual WoodLog x192 (id=95222)
[DigitalStorage][PH] Deducted: 原木 x192, actual=192
Added items to pending
Sent update
Got an UpdateTradeItemsResponsePacket
Got items 2 for us
[DigitalStorage][PH] GroupThings: injected 4 virtual items
[DigitalStorage][PH] GroupThings: injected 4 virtual items
Got an UpdateTradeStatusPacket
[DigitalStorage][PH] GroupThings: injected 4 virtual items
[DigitalStorage][PH] GroupThings: injected 4 virtual items
Got a ChatMessageResponsePacket
Received chat message from UUID 02dcb692-813d-47e3-9c58-ba8ed0810ccd
Got an UpdateTradeItemsPacket
Got items 2 for us
Got items 2 for abd919b3-7b43-408d-a912-fe88f8cf2f06
[DigitalStorage][PH] GroupThings: injected 4 virtual items
[DigitalStorage][PH] GroupThings: injected 4 virtual items
Got a CompleteTradePacket
Trade with abd919b3-7b43-408d-a912-fe88f8cf2f06 cancelled
Exception filling window for LudeonTK.EditWindow_Log: System.InvalidOperationException: Collection was modified; enumeration operation may not execute.
[Ref BBC358B3] Duplicate stacktrace, see ref for original
GUI Error: You are pushing more GUIClips than you are popping. Make sure they are balanced.
Got a ChatMessagePacket
Received chat message from UUID abd919b3-7b43-408d-a912-fe88f8cf2f06
Got a UserUpdatePacket
User abd919b3-7b43-408d-a912-fe88f8cf2f06 logged out
Got a UserUpdatePacket
User abd919b3-7b43-408d-a912-fe88f8cf2f06 logged in
Got a UserUpdatePacket
Got a UserUpdatePacket
Got a CreateTradeResponsePacket
Created trade d7d3f9e5-6527-4930-a464-13453c090fc2 with abd919b3-7b43-408d-a912-fe88f8cf2f06
[DigitalStorage][PH] GroupThings: injected 4 virtual items
[DigitalStorage][PH] GroupThings: injected 4 virtual items
[DigitalStorage][PH] GroupThings: injected 4 virtual items
Got a ChatMessagePacket
Received chat message from UUID abd919b3-7b43-408d-a912-fe88f8cf2f06
Got a UserUpdatePacket
User abd919b3-7b43-408d-a912-fe88f8cf2f06 logged out
Got a UserUpdatePacket
User abd919b3-7b43-408d-a912-fe88f8cf2f06 logged in
Got a UserUpdatePacket
Got a UserUpdatePacket
Got a ChatMessageResponsePacket
Received chat message from UUID 02dcb692-813d-47e3-9c58-ba8ed0810ccd
Got a ChatMessagePacket
Received chat message from UUID abd919b3-7b43-408d-a912-fe88f8cf2f06
Got a ChatMessageResponsePacket
Received chat message from UUID 02dcb692-813d-47e3-9c58-ba8ed0810ccd
Got a UserUpdatePacket
User 8fe5c77f-3c88-47e3-b9a1-a2b93162b106 logged out
Exception filling window for LudeonTK.EditWindow_Log: System.InvalidOperationException: Collection was modified; enumeration operation may not execute.
[Ref BBC358B3] Duplicate stacktrace, see ref for original
GUI Error: You are pushing more GUIClips than you are popping. Make sure they are balanced.
